<?xml version="1.0" encoding="UTF-8"?>
<testsuite tests="1" failures="1" time="1" errors="0" name="gtest-base_local_planner_utest.xml">
  <testcase name="test_ran" status="run" time="1" classname="Results">
    <failure message="Unable to find test results for gtest-base_local_planner_utest.xml, test did not run.
Expected results in /home/projturtlebot/catkin_ws/src/navigation/base_local_planner/test_results/base_local_planner/gtest-base_local_planner_utest.xml" type=""/>
  </testcase>
</testsuite>